{"name":"test1","status":"failed","statusDetails":{"known":false,"muted":false,"flaky":false,"message":"\nThe following 2 assertions failed:\n1) \nexpected: \"Collectie\"\n but was: \"\"\nat CollectionPageNl.assertPage(CollectionPageNl.java:25)\n2) \nexpected: \"resultaten\"\n but was: \"4621\"\nat CollectionPageNl.assertPage(CollectionPageNl.java:32)\n","trace":"org.assertj.core.api.SoftAssertionError: \nThe following 2 assertions failed:\n1) \nexpected: \"Collectie\"\n but was: \"\"\nat CollectionPageNl.assertPage(CollectionPageNl.java:25)\n2) \nexpected: \"resultaten\"\n but was: \"4621\"\nat CollectionPageNl.assertPage(CollectionPageNl.java:32)\n\n\tat org.assertj.core.error.AssertionErrorCreator.multipleSoftAssertionsError(AssertionErrorCreator.java:100)\n\tat org.assertj.core.api.AbstractSoftAssertions.assertAll(AbstractSoftAssertions.java:37)\n\tat org.assertj.core.api.AbstractSoftAssertions.assertAll(AbstractSoftAssertions.java:42)\n\tat com.vangoghmuseum.tests.po.nl.CollectionPageNl.assertPage(CollectionPageNl.java:34)\n\tat com.vangoghmuseum.tests.steps.CollectionPageSteps.assertPage(CollectionPageSteps.java:13)\n\tat com.vangoghmuseum.tests.VanGoghMuseumTests.test1(VanGoghMuseumTests.java:11)\n\tat sun.reflect.NativeMethodAccessorImpl.invoke0(Native Method)\n\tat sun.reflect.NativeMethodAccessorImpl.invoke(NativeMethodAccessorImpl.java:62)\n\tat sun.reflect.DelegatingMethodAccessorImpl.invoke(DelegatingMethodAccessorImpl.java:43)\n\tat java.lang.reflect.Method.invoke(Method.java:498)\n\tat org.testng.internal.MethodInvocationHelper.invokeMethod(MethodInvocationHelper.java:85)\n\tat org.testng.internal.Invoker.invokeMethod(Invoker.java:659)\n\tat org.testng.internal.Invoker.invokeTestMethod(Invoker.java:845)\n\tat org.testng.internal.Invoker.invokeTestMethods(Invoker.java:1153)\n\tat org.testng.internal.TestMethodWorker.invokeTestMethods(TestMethodWorker.java:125)\n\tat org.testng.internal.TestMethodWorker.run(TestMethodWorker.java:108)\n\tat org.testng.TestRunner.privateRun(TestRunner.java:771)\n\tat org.testng.TestRunner.run(TestRunner.java:621)\n\tat org.testng.SuiteRunner.runTest(SuiteRunner.java:357)\n\tat org.testng.SuiteRunner.runSequentially(SuiteRunner.java:352)\n\tat org.testng.SuiteRunner.privateRun(SuiteRunner.java:310)\n\tat org.testng.SuiteRunner.run(SuiteRunner.java:259)\n\tat org.testng.SuiteRunnerWorker.runSuite(SuiteRunnerWorker.java:52)\n\tat org.testng.SuiteRunnerWorker.run(SuiteRunnerWorker.java:86)\n\tat org.testng.TestNG.runSuitesSequentially(TestNG.java:1199)\n\tat org.testng.TestNG.runSuitesLocally(TestNG.java:1124)\n\tat org.testng.TestNG.run(TestNG.java:1032)\n\tat org.testng.IDEARemoteTestNG.run(IDEARemoteTestNG.java:73)\n\tat org.testng.RemoteTestNGStarter.main(RemoteTestNGStarter.java:123)\n"},"stage":"finished","steps":[],"attachments":[],"parameters":[],"start":1652453502607,"stop":1652453505846,"uuid":"caad3933-9b53-4106-b031-890f1d9ccfcb","historyId":"43d470725bb11cc4bf1614df110c5535","fullName":"com.vangoghmuseum.tests.VanGoghMuseumTests.test1","labels":[{"name":"package","value":"com.vangoghmuseum.tests.VanGoghMuseumTests"},{"name":"testClass","value":"com.vangoghmuseum.tests.VanGoghMuseumTests"},{"name":"testMethod","value":"test1"},{"name":"parentSuite","value":"Default Suite"},{"name":"suite","value":"java-selenium-project"},{"name":"subSuite","value":"com.vangoghmuseum.tests.VanGoghMuseumTests"},{"name":"host","value":"C9720"},{"name":"thread","value":"82541@C9720.main(1)"},{"name":"framework","value":"testng"},{"name":"language","value":"java"}],"links":[]}